# JRE version: OpenJDK Runtime Environment (15.0.2+7) (build 15.0.2+7-27)
# Java VM: OpenJDK 64-Bit Server VM (15.0.2+7-27, mixed mode, tiered, compressed oops, g1 gc, windows-amd64)
GC Precious Log:
 CPUs: 4 total, 4 available
 Memory: 4015M
 Large Page Support: Disabled
 NUMA Support: Disabled
 Compressed Oops: Enabled (32-bit)
 Heap Region Size: 1M
 Heap Min Capacity: 8M
 Heap Initial Capacity: 64M
 Heap Max Capacity: 1004M
 Pre-touch: Disabled
 Parallel Workers: 4
 Concurrent Workers: 1
 Concurrent Refinement Workers: 4
 Periodic GC: Disabled
Heap:
 garbage-first heap   total 49152K, used 15082K [0x00000000c1400000, 0x0000000100000000)
  region size 1024K, 5 young (5120K), 3 survivors (3072K)
 Metaspace       used 38729K, capacity 39099K, committed 39168K, reserved 1083392K
  class space    used 4669K, capacity 4795K, committed 4864K, reserved 1048576K
GC Heap History (18 events):
Event: 1.061 GC heap before
{Heap before GC invocations=0 (full 0):
 garbage-first heap   total 65536K, used 13312K [0x00000000c1400000, 0x0000000100000000)
  region size 1024K, 13 young (13312K), 0 survivors (0K)
 Metaspace       used 14361K, capacity 14575K, committed 14720K, reserved 1062912K
  class space    used 1460K, capacity 1539K, committed 1664K, reserved 1048576K
}
Event: 1.073 GC heap after
{Heap after GC invocations=1 (full 0):
 garbage-first heap   total 65536K, used 4448K [0x00000000c1400000, 0x0000000100000000)
  region size 1024K, 2 young (2048K), 2 survivors (2048K)
 Metaspace       used 14361K, capacity 14575K, committed 14720K, reserved 1062912K
  class space    used 1460K, capacity 1539K, committed 1664K, reserved 1048576K
}
Event: 1.371 GC heap before
{Heap before GC invocations=1 (full 0):
 garbage-first heap   total 65536K, used 14688K [0x00000000c1400000, 0x0000000100000000)
  region size 1024K, 13 young (13312K), 2 survivors (2048K)
 Metaspace       used 16294K, capacity 16534K, committed 16768K, reserved 1064960K
  class space    used 1718K, capacity 1808K, committed 1920K, reserved 1048576K
}
Event: 1.376 GC heap after
{Heap after GC invocations=2 (full 0):
 garbage-first heap   total 65536K, used 5287K [0x00000000c1400000, 0x0000000100000000)
  region size 1024K, 1 young (1024K), 1 survivors (1024K)
 Metaspace       used 16294K, capacity 16534K, committed 16768K, reserved 1064960K
  class space    used 1718K, capacity 1808K, committed 1920K, reserved 1048576K
}
Event: 1.946 GC heap before
{Heap before GC invocations=2 (full 0):
 garbage-first heap   total 65536K, used 21671K [0x00000000c1400000, 0x0000000100000000)
  region size 1024K, 19 young (19456K), 1 survivors (1024K)
 Metaspace       used 20909K, capacity 21150K, committed 21248K, reserved 1069056K
  class space    used 2368K, capacity 2469K, committed 2560K, reserved 1048576K
}
Event: 1.952 GC heap after
{Heap after GC invocations=3 (full 0):
 garbage-first heap   total 65536K, used 6679K [0x00000000c1400000, 0x0000000100000000)
  region size 1024K, 2 young (2048K), 2 survivors (2048K)
 Metaspace       used 20909K, capacity 21150K, committed 21248K, reserved 1069056K
  class space    used 2368K, capacity 2469K, committed 2560K, reserved 1048576K
}
Event: 2.378 GC heap before
{Heap before GC invocations=4 (full 0):
 garbage-first heap   total 30720K, used 29207K [0x00000000c1400000, 0x0000000100000000)
  region size 1024K, 25 young (25600K), 2 survivors (2048K)
 Metaspace       used 26375K, capacity 26664K, committed 26752K, reserved 1073152K
  class space    used 3050K, capacity 3151K, committed 3200K, reserved 1048576K
}
Event: 2.384 GC heap after
{Heap after GC invocations=5 (full 0):
 garbage-first heap   total 33792K, used 7601K [0x00000000c1400000, 0x0000000100000000)
  region size 1024K, 3 young (3072K), 3 survivors (3072K)
 Metaspace       used 26375K, capacity 26664K, committed 26752K, reserved 1073152K
  class space    used 3050K, capacity 3151K, committed 3200K, reserved 1048576K
}
Event: 2.762 GC heap before
{Heap before GC invocations=5 (full 0):
 garbage-first heap   total 33792K, used 21937K [0x00000000c1400000, 0x0000000100000000)
  region size 1024K, 17 young (17408K), 3 survivors (3072K)
 Metaspace       used 27139K, capacity 27474K, committed 27648K, reserved 1073152K
  class space    used 3165K, capacity 3290K, committed 3328K, reserved 1048576K
}
Event: 2.768 GC heap after
{Heap after GC invocations=6 (full 0):
 garbage-first heap   total 40960K, used 8913K [0x00000000c1400000, 0x0000000100000000)
  region size 1024K, 3 young (3072K), 3 survivors (3072K)
 Metaspace       used 27139K, capacity 27474K, committed 27648K, reserved 1073152K
  class space    used 3165K, capacity 3290K, committed 3328K, reserved 1048576K
}
Event: 3.394 GC heap before
{Heap before GC invocations=6 (full 0):
 garbage-first heap   total 40960K, used 27345K [0x00000000c1400000, 0x0000000100000000)
  region size 1024K, 21 young (21504K), 3 survivors (3072K)
 Metaspace       used 30365K, capacity 30724K, committed 30976K, reserved 1077248K
  class space    used 3613K, capacity 3726K, committed 3840K, reserved 1048576K
}
Event: 3.400 GC heap after
{Heap after GC invocations=7 (full 0):
 garbage-first heap   total 40960K, used 9867K [0x00000000c1400000, 0x0000000100000000)
  region size 1024K, 3 young (3072K), 3 survivors (3072K)
 Metaspace       used 30365K, capacity 30724K, committed 30976K, reserved 1077248K
  class space    used 3613K, capacity 3726K, committed 3840K, reserved 1048576K
}
Event: 3.832 GC heap before
{Heap before GC invocations=7 (full 0):
 garbage-first heap   total 40960K, used 28299K [0x00000000c1400000, 0x0000000100000000)
  region size 1024K, 21 young (21504K), 3 survivors (3072K)
 Metaspace       used 33132K, capacity 33496K, committed 33792K, reserved 1079296K
  class space    used 3938K, capacity 4050K, committed 4096K, reserved 1048576K
}
Event: 3.839 GC heap after
{Heap after GC invocations=8 (full 0):
 garbage-first heap   total 40960K, used 11269K [0x00000000c1400000, 0x0000000100000000)
  region size 1024K, 3 young (3072K), 3 survivors (3072K)
 Metaspace       used 33132K, capacity 33496K, committed 33792K, reserved 1079296K
  class space    used 3938K, capacity 4050K, committed 4096K, reserved 1048576K
}
Event: 4.416 GC heap before
{Heap before GC invocations=8 (full 0):
 garbage-first heap   total 40960K, used 23557K [0x00000000c1400000, 0x0000000100000000)
  region size 1024K, 17 young (17408K), 3 survivors (3072K)
 Metaspace       used 35313K, capacity 35684K, committed 35840K, reserved 1081344K
  class space    used 4239K, capacity 4387K, committed 4480K, reserved 1048576K
}
Event: 4.424 GC heap after
{Heap after GC invocations=9 (full 0):
 garbage-first heap   total 40960K, used 12916K [0x00000000c1400000, 0x0000000100000000)
  region size 1024K, 2 young (2048K), 2 survivors (2048K)
 Metaspace       used 35313K, capacity 35684K, committed 35840K, reserved 1081344K
  class space    used 4239K, capacity 4387K, committed 4480K, reserved 1048576K
}
Event: 14.192 GC heap before
{Heap before GC invocations=10 (full 0):
 garbage-first heap   total 40960K, used 29300K [0x00000000c1400000, 0x0000000100000000)
  region size 1024K, 18 young (18432K), 2 survivors (2048K)
 Metaspace       used 38641K, capacity 39035K, committed 39168K, reserved 1083392K
  class space    used 4661K, capacity 4795K, committed 4864K, reserved 1048576K
}
Event: 14.200 GC heap after
{Heap after GC invocations=11 (full 0):
 garbage-first heap   total 49152K, used 14058K [0x00000000c1400000, 0x0000000100000000)
  region size 1024K, 3 young (3072K), 3 survivors (3072K)
 Metaspace       used 38641K, capacity 39035K, committed 39168K, reserved 1083392K
  class space    used 4661K, capacity 4795K, committed 4864K, reserved 1048576K
}

