# JRE version: OpenJDK Runtime Environment (15.0.2+7) (build 15.0.2+7-27)
# Java VM: OpenJDK 64-Bit Server VM (15.0.2+7-27, mixed mode, tiered, compressed oops, g1 gc, windows-amd64)
GC Precious Log:
 CPUs: 4 total, 4 available
 Memory: 4015M
 Large Page Support: Disabled
 NUMA Support: Disabled
 Compressed Oops: Enabled (32-bit)
 Heap Region Size: 1M
 Heap Min Capacity: 8M
 Heap Initial Capacity: 64M
 Heap Max Capacity: 1004M
 Pre-touch: Disabled
 Parallel Workers: 4
 Concurrent Workers: 1
 Concurrent Refinement Workers: 4
 Periodic GC: Disabled
Heap:
 garbage-first heap   total 49152K, used 14155K [0x00000000c1400000, 0x0000000100000000)
  region size 1024K, 4 young (4096K), 3 survivors (3072K)
 Metaspace       used 38728K, capacity 39137K, committed 39424K, reserved 1083392K
  class space    used 4672K, capacity 4828K, committed 4864K, reserved 1048576K
GC Heap History (18 events):
Event: 1.043 GC heap before
{Heap before GC invocations=0 (full 0):
 garbage-first heap   total 65536K, used 13312K [0x00000000c1400000, 0x0000000100000000)
  region size 1024K, 13 young (13312K), 0 survivors (0K)
 Metaspace       used 14104K, capacity 14262K, committed 14336K, reserved 1062912K
  class space    used 1422K, capacity 1488K, committed 1536K, reserved 1048576K
}
Event: 1.057 GC heap after
{Heap after GC invocations=1 (full 0):
 garbage-first heap   total 65536K, used 4454K [0x00000000c1400000, 0x0000000100000000)
  region size 1024K, 2 young (2048K), 2 survivors (2048K)
 Metaspace       used 14104K, capacity 14262K, committed 14336K, reserved 1062912K
  class space    used 1422K, capacity 1488K, committed 1536K, reserved 1048576K
}
Event: 1.340 GC heap before
{Heap before GC invocations=1 (full 0):
 garbage-first heap   total 65536K, used 14694K [0x00000000c1400000, 0x0000000100000000)
  region size 1024K, 13 young (13312K), 2 survivors (2048K)
 Metaspace       used 16202K, capacity 16442K, committed 16640K, reserved 1064960K
  class space    used 1691K, capacity 1776K, committed 1792K, reserved 1048576K
}
Event: 1.345 GC heap after
{Heap after GC invocations=2 (full 0):
 garbage-first heap   total 65536K, used 5421K [0x00000000c1400000, 0x0000000100000000)
  region size 1024K, 1 young (1024K), 1 survivors (1024K)
 Metaspace       used 16202K, capacity 16442K, committed 16640K, reserved 1064960K
  class space    used 1691K, capacity 1776K, committed 1792K, reserved 1048576K
}
Event: 1.940 GC heap before
{Heap before GC invocations=2 (full 0):
 garbage-first heap   total 65536K, used 22829K [0x00000000c1400000, 0x0000000100000000)
  region size 1024K, 20 young (20480K), 1 survivors (1024K)
 Metaspace       used 20842K, capacity 21154K, committed 21248K, reserved 1069056K
  class space    used 2344K, capacity 2469K, committed 2560K, reserved 1048576K
}
Event: 1.946 GC heap after
{Heap after GC invocations=3 (full 0):
 garbage-first heap   total 65536K, used 6787K [0x00000000c1400000, 0x0000000100000000)
  region size 1024K, 3 young (3072K), 3 survivors (3072K)
 Metaspace       used 20842K, capacity 21154K, committed 21248K, reserved 1069056K
  class space    used 2344K, capacity 2469K, committed 2560K, reserved 1048576K
}
Event: 2.345 GC heap before
{Heap before GC invocations=4 (full 0):
 garbage-first heap   total 30720K, used 28291K [0x00000000c1400000, 0x0000000100000000)
  region size 1024K, 25 young (25600K), 3 survivors (3072K)
 Metaspace       used 26352K, capacity 26717K, committed 27008K, reserved 1073152K
  class space    used 3036K, capacity 3148K, committed 3200K, reserved 1048576K
}
Event: 2.353 GC heap after
{Heap after GC invocations=5 (full 0):
 garbage-first heap   total 33792K, used 7654K [0x00000000c1400000, 0x0000000100000000)
  region size 1024K, 3 young (3072K), 3 survivors (3072K)
 Metaspace       used 26352K, capacity 26717K, committed 27008K, reserved 1073152K
  class space    used 3036K, capacity 3148K, committed 3200K, reserved 1048576K
}
Event: 2.735 GC heap before
{Heap before GC invocations=5 (full 0):
 garbage-first heap   total 33792K, used 20966K [0x00000000c1400000, 0x0000000100000000)
  region size 1024K, 17 young (17408K), 3 survivors (3072K)
 Metaspace       used 27281K, capacity 27600K, committed 27648K, reserved 1073152K
  class space    used 3174K, capacity 3289K, committed 3328K, reserved 1048576K
}
Event: 2.742 GC heap after
{Heap after GC invocations=6 (full 0):
 garbage-first heap   total 40960K, used 8752K [0x00000000c1400000, 0x0000000100000000)
  region size 1024K, 3 young (3072K), 3 survivors (3072K)
 Metaspace       used 27281K, capacity 27600K, committed 27648K, reserved 1073152K
  class space    used 3174K, capacity 3289K, committed 3328K, reserved 1048576K
}
Event: 3.384 GC heap before
{Heap before GC invocations=6 (full 0):
 garbage-first heap   total 40960K, used 27184K [0x00000000c1400000, 0x0000000100000000)
  region size 1024K, 22 young (22528K), 3 survivors (3072K)
 Metaspace       used 30502K, capacity 30856K, committed 30976K, reserved 1077248K
  class space    used 3623K, capacity 3726K, committed 3840K, reserved 1048576K
}
Event: 3.391 GC heap after
{Heap after GC invocations=7 (full 0):
 garbage-first heap   total 40960K, used 10037K [0x00000000c1400000, 0x0000000100000000)
  region size 1024K, 3 young (3072K), 3 survivors (3072K)
 Metaspace       used 30502K, capacity 30856K, committed 30976K, reserved 1077248K
  class space    used 3623K, capacity 3726K, committed 3840K, reserved 1048576K
}
Event: 3.814 GC heap before
{Heap before GC invocations=7 (full 0):
 garbage-first heap   total 40960K, used 28469K [0x00000000c1400000, 0x0000000100000000)
  region size 1024K, 21 young (21504K), 3 survivors (3072K)
 Metaspace       used 33147K, capacity 33496K, committed 33792K, reserved 1079296K
  class space    used 3940K, capacity 4050K, committed 4096K, reserved 1048576K
}
Event: 3.821 GC heap after
{Heap after GC invocations=8 (full 0):
 garbage-first heap   total 40960K, used 11375K [0x00000000c1400000, 0x0000000100000000)
  region size 1024K, 3 young (3072K), 3 survivors (3072K)
 Metaspace       used 33147K, capacity 33496K, committed 33792K, reserved 1079296K
  class space    used 3940K, capacity 4050K, committed 4096K, reserved 1048576K
}
Event: 4.377 GC heap before
{Heap before GC invocations=8 (full 0):
 garbage-first heap   total 40960K, used 23663K [0x00000000c1400000, 0x0000000100000000)
  region size 1024K, 16 young (16384K), 3 survivors (3072K)
 Metaspace       used 35332K, capacity 35684K, committed 35840K, reserved 1081344K
  class space    used 4242K, capacity 4387K, committed 4480K, reserved 1048576K
}
Event: 4.385 GC heap after
{Heap after GC invocations=9 (full 0):
 garbage-first heap   total 40960K, used 12850K [0x00000000c1400000, 0x0000000100000000)
  region size 1024K, 3 young (3072K), 3 survivors (3072K)
 Metaspace       used 35332K, capacity 35684K, committed 35840K, reserved 1081344K
  class space    used 4242K, capacity 4387K, committed 4480K, reserved 1048576K
}
Event: 43.165 GC heap before
{Heap before GC invocations=10 (full 0):
 garbage-first heap   total 40960K, used 28210K [0x00000000c1400000, 0x0000000100000000)
  region size 1024K, 19 young (19456K), 3 survivors (3072K)
 Metaspace       used 38575K, capacity 39041K, committed 39168K, reserved 1083392K
  class space    used 4659K, capacity 4796K, committed 4864K, reserved 1048576K
}
Event: 43.175 GC heap after
{Heap after GC invocations=11 (full 0):
 garbage-first heap   total 49152K, used 14155K [0x00000000c1400000, 0x0000000100000000)
  region size 1024K, 3 young (3072K), 3 survivors (3072K)
 Metaspace       used 38575K, capacity 39041K, committed 39168K, reserved 1083392K
  class space    used 4659K, capacity 4796K, committed 4864K, reserved 1048576K
}

