# JRE version: OpenJDK Runtime Environment (15.0.2+7) (build 15.0.2+7-27)
# Java VM: OpenJDK 64-Bit Server VM (15.0.2+7-27, mixed mode, tiered, compressed oops, g1 gc, windows-amd64)
GC Precious Log:
 CPUs: 4 total, 4 available
 Memory: 4015M
 Large Page Support: Disabled
 NUMA Support: Disabled
 Compressed Oops: Enabled (32-bit)
 Heap Region Size: 1M
 Heap Min Capacity: 8M
 Heap Initial Capacity: 64M
 Heap Max Capacity: 1004M
 Pre-touch: Disabled
 Parallel Workers: 4
 Concurrent Workers: 1
 Concurrent Refinement Workers: 4
 Periodic GC: Disabled
Heap:
 garbage-first heap   total 40960K, used 28085K [0x00000000c1400000, 0x0000000100000000)
  region size 1024K, 20 young (20480K), 3 survivors (3072K)
 Metaspace       used 38725K, capacity 39099K, committed 39168K, reserved 1083392K
  class space    used 4668K, capacity 4795K, committed 4864K, reserved 1048576K
GC Heap History (16 events):
Event: 1.092 GC heap before
{Heap before GC invocations=0 (full 0):
 garbage-first heap   total 65536K, used 13312K [0x00000000c1400000, 0x0000000100000000)
  region size 1024K, 13 young (13312K), 0 survivors (0K)
 Metaspace       used 14362K, capacity 14575K, committed 14720K, reserved 1062912K
  class space    used 1461K, capacity 1539K, committed 1664K, reserved 1048576K
}
Event: 1.105 GC heap after
{Heap after GC invocations=1 (full 0):
 garbage-first heap   total 65536K, used 4434K [0x00000000c1400000, 0x0000000100000000)
  region size 1024K, 2 young (2048K), 2 survivors (2048K)
 Metaspace       used 14362K, capacity 14575K, committed 14720K, reserved 1062912K
  class space    used 1461K, capacity 1539K, committed 1664K, reserved 1048576K
}
Event: 1.336 GC heap before
{Heap before GC invocations=1 (full 0):
 garbage-first heap   total 65536K, used 11602K [0x00000000c1400000, 0x0000000100000000)
  region size 1024K, 9 young (9216K), 2 survivors (2048K)
 Metaspace       used 15996K, capacity 16272K, committed 16384K, reserved 1064960K
  class space    used 1671K, capacity 1742K, committed 1792K, reserved 1048576K
}
Event: 1.343 GC heap after
{Heap after GC invocations=2 (full 0):
 garbage-first heap   total 65536K, used 5050K [0x00000000c1400000, 0x0000000100000000)
  region size 1024K, 1 young (1024K), 1 survivors (1024K)
 Metaspace       used 15996K, capacity 16272K, committed 16384K, reserved 1064960K
  class space    used 1671K, capacity 1742K, committed 1792K, reserved 1048576K
}
Event: 1.988 GC heap before
{Heap before GC invocations=2 (full 0):
 garbage-first heap   total 65536K, used 26554K [0x00000000c1400000, 0x0000000100000000)
  region size 1024K, 24 young (24576K), 1 survivors (1024K)
 Metaspace       used 20899K, capacity 21154K, committed 21248K, reserved 1069056K
  class space    used 2356K, capacity 2469K, committed 2560K, reserved 1048576K
}
Event: 1.995 GC heap after
{Heap after GC invocations=3 (full 0):
 garbage-first heap   total 65536K, used 6681K [0x00000000c1400000, 0x0000000100000000)
  region size 1024K, 3 young (3072K), 3 survivors (3072K)
 Metaspace       used 20899K, capacity 21154K, committed 21248K, reserved 1069056K
  class space    used 2356K, capacity 2469K, committed 2560K, reserved 1048576K
}
Event: 2.367 GC heap before
{Heap before GC invocations=4 (full 0):
 garbage-first heap   total 30720K, used 28185K [0x00000000c1400000, 0x0000000100000000)
  region size 1024K, 25 young (25600K), 3 survivors (3072K)
 Metaspace       used 26289K, capacity 26644K, committed 26752K, reserved 1073152K
  class space    used 3024K, capacity 3146K, committed 3200K, reserved 1048576K
}
Event: 2.373 GC heap after
{Heap after GC invocations=5 (full 0):
 garbage-first heap   total 33792K, used 7597K [0x00000000c1400000, 0x0000000100000000)
  region size 1024K, 3 young (3072K), 3 survivors (3072K)
 Metaspace       used 26289K, capacity 26644K, committed 26752K, reserved 1073152K
  class space    used 3024K, capacity 3146K, committed 3200K, reserved 1048576K
}
Event: 2.755 GC heap before
{Heap before GC invocations=5 (full 0):
 garbage-first heap   total 33792K, used 20909K [0x00000000c1400000, 0x0000000100000000)
  region size 1024K, 17 young (17408K), 3 survivors (3072K)
 Metaspace       used 27273K, capacity 27594K, committed 27648K, reserved 1073152K
  class space    used 3172K, capacity 3288K, committed 3328K, reserved 1048576K
}
Event: 2.762 GC heap after
{Heap after GC invocations=6 (full 0):
 garbage-first heap   total 40960K, used 8712K [0x00000000c1400000, 0x0000000100000000)
  region size 1024K, 3 young (3072K), 3 survivors (3072K)
 Metaspace       used 27273K, capacity 27594K, committed 27648K, reserved 1073152K
  class space    used 3172K, capacity 3288K, committed 3328K, reserved 1048576K
}
Event: 3.407 GC heap before
{Heap before GC invocations=6 (full 0):
 garbage-first heap   total 40960K, used 28168K [0x00000000c1400000, 0x0000000100000000)
  region size 1024K, 22 young (22528K), 3 survivors (3072K)
 Metaspace       used 30458K, capacity 30856K, committed 30976K, reserved 1077248K
  class space    used 3612K, capacity 3726K, committed 3840K, reserved 1048576K
}
Event: 3.413 GC heap after
{Heap after GC invocations=7 (full 0):
 garbage-first heap   total 40960K, used 9823K [0x00000000c1400000, 0x0000000100000000)
  region size 1024K, 3 young (3072K), 3 survivors (3072K)
 Metaspace       used 30458K, capacity 30856K, committed 30976K, reserved 1077248K
  class space    used 3612K, capacity 3726K, committed 3840K, reserved 1048576K
}
Event: 3.893 GC heap before
{Heap before GC invocations=7 (full 0):
 garbage-first heap   total 40960K, used 29279K [0x00000000c1400000, 0x0000000100000000)
  region size 1024K, 22 young (22528K), 3 survivors (3072K)
 Metaspace       used 33223K, capacity 33627K, committed 33920K, reserved 1079296K
  class space    used 3955K, capacity 4115K, committed 4224K, reserved 1048576K
}
Event: 3.903 GC heap after
{Heap after GC invocations=8 (full 0):
 garbage-first heap   total 40960K, used 11244K [0x00000000c1400000, 0x0000000100000000)
  region size 1024K, 3 young (3072K), 3 survivors (3072K)
 Metaspace       used 33223K, capacity 33627K, committed 33920K, reserved 1079296K
  class space    used 3955K, capacity 4115K, committed 4224K, reserved 1048576K
}
Event: 4.468 GC heap before
{Heap before GC invocations=8 (full 0):
 garbage-first heap   total 40960K, used 23532K [0x00000000c1400000, 0x0000000100000000)
  region size 1024K, 16 young (16384K), 3 survivors (3072K)
 Metaspace       used 35329K, capacity 35684K, committed 35840K, reserved 1081344K
  class space    used 4240K, capacity 4387K, committed 4480K, reserved 1048576K
}
Event: 4.476 GC heap after
{Heap after GC invocations=9 (full 0):
 garbage-first heap   total 40960K, used 12725K [0x00000000c1400000, 0x0000000100000000)
  region size 1024K, 3 young (3072K), 3 survivors (3072K)
 Metaspace       used 35329K, capacity 35684K, committed 35840K, reserved 1081344K
  class space    used 4240K, capacity 4387K, committed 4480K, reserved 1048576K
}

